  asm.cpp
D:\Dev\Pultorak\Block2AGC\asm\asm.cpp(230): error C4996: 'strtok': This function or variable may be unsafe. Consider using strtok_s instead. To disable deprecation, use _CRT_SECURE_NO_WARNINGS. See online help for details.
  C:\Program Files (x86)\Windows Kits\10\Include\10.0.17763.0\ucrt\string.h(440): note: see declaration of 'strtok'
D:\Dev\Pultorak\Block2AGC\asm\asm.cpp(236): error C4996: 'strcat': This function or variable may be unsafe. Consider using strcat_s instead. To disable deprecation, use _CRT_SECURE_NO_WARNINGS. See online help for details.
  C:\Program Files (x86)\Windows Kits\10\Include\10.0.17763.0\ucrt\string.h(90): note: see declaration of 'strcat'
D:\Dev\Pultorak\Block2AGC\asm\asm.cpp(237): error C4996: 'strcat': This function or variable may be unsafe. Consider using strcat_s instead. To disable deprecation, use _CRT_SECURE_NO_WARNINGS. See online help for details.
  C:\Program Files (x86)\Windows Kits\10\Include\10.0.17763.0\ucrt\string.h(90): note: see declaration of 'strcat'
D:\Dev\Pultorak\Block2AGC\asm\asm.cpp(239): error C4996: 'strcat': This function or variable may be unsafe. Consider using strcat_s instead. To disable deprecation, use _CRT_SECURE_NO_WARNINGS. See online help for details.
  C:\Program Files (x86)\Windows Kits\10\Include\10.0.17763.0\ucrt\string.h(90): note: see declaration of 'strcat'
D:\Dev\Pultorak\Block2AGC\asm\asm.cpp(245): error C4996: 'strcat': This function or variable may be unsafe. Consider using strcat_s instead. To disable deprecation, use _CRT_SECURE_NO_WARNINGS. See online help for details.
  C:\Program Files (x86)\Windows Kits\10\Include\10.0.17763.0\ucrt\string.h(90): note: see declaration of 'strcat'
D:\Dev\Pultorak\Block2AGC\asm\asm.cpp(246): error C4996: 'strcat': This function or variable may be unsafe. Consider using strcat_s instead. To disable deprecation, use _CRT_SECURE_NO_WARNINGS. See online help for details.
  C:\Program Files (x86)\Windows Kits\10\Include\10.0.17763.0\ucrt\string.h(90): note: see declaration of 'strcat'
D:\Dev\Pultorak\Block2AGC\asm\asm.cpp(247): error C4996: 'strcat': This function or variable may be unsafe. Consider using strcat_s instead. To disable deprecation, use _CRT_SECURE_NO_WARNINGS. See online help for details.
  C:\Program Files (x86)\Windows Kits\10\Include\10.0.17763.0\ucrt\string.h(90): note: see declaration of 'strcat'
D:\Dev\Pultorak\Block2AGC\asm\asm.cpp(332): error C4996: 'strcpy': This function or variable may be unsafe. Consider using strcpy_s instead. To disable deprecation, use _CRT_SECURE_NO_WARNINGS. See online help for details.
  C:\Program Files (x86)\Windows Kits\10\Include\10.0.17763.0\ucrt\string.h(133): note: see declaration of 'strcpy'
D:\Dev\Pultorak\Block2AGC\asm\asm.cpp(368): error C4996: 'strcpy': This function or variable may be unsafe. Consider using strcpy_s instead. To disable deprecation, use _CRT_SECURE_NO_WARNINGS. See online help for details.
  C:\Program Files (x86)\Windows Kits\10\Include\10.0.17763.0\ucrt\string.h(133): note: see declaration of 'strcpy'
D:\Dev\Pultorak\Block2AGC\asm\asm.cpp(444): error C4996: 'strcpy': This function or variable may be unsafe. Consider using strcpy_s instead. To disable deprecation, use _CRT_SECURE_NO_WARNINGS. See online help for details.
  C:\Program Files (x86)\Windows Kits\10\Include\10.0.17763.0\ucrt\string.h(133): note: see declaration of 'strcpy'
D:\Dev\Pultorak\Block2AGC\asm\asm.cpp(446): error C4996: 'strcpy': This function or variable may be unsafe. Consider using strcpy_s instead. To disable deprecation, use _CRT_SECURE_NO_WARNINGS. See online help for details.
  C:\Program Files (x86)\Windows Kits\10\Include\10.0.17763.0\ucrt\string.h(133): note: see declaration of 'strcpy'
D:\Dev\Pultorak\Block2AGC\asm\asm.cpp(448): error C4996: 'strcat': This function or variable may be unsafe. Consider using strcat_s instead. To disable deprecation, use _CRT_SECURE_NO_WARNINGS. See online help for details.
  C:\Program Files (x86)\Windows Kits\10\Include\10.0.17763.0\ucrt\string.h(90): note: see declaration of 'strcat'
D:\Dev\Pultorak\Block2AGC\asm\asm.cpp(634): error C4996: 'fopen': This function or variable may be unsafe. Consider using fopen_s instead. To disable deprecation, use _CRT_SECURE_NO_WARNINGS. See online help for details.
  C:\Program Files (x86)\Windows Kits\10\Include\10.0.17763.0\ucrt\stdio.h(208): note: see declaration of 'fopen'
D:\Dev\Pultorak\Block2AGC\asm\asm.cpp(690): error C4996: 'sprintf': This function or variable may be unsafe. Consider using sprintf_s instead. To disable deprecation, use _CRT_SECURE_NO_WARNINGS. See online help for details.
  C:\Program Files (x86)\Windows Kits\10\Include\10.0.17763.0\ucrt\stdio.h(1774): note: see declaration of 'sprintf'
D:\Dev\Pultorak\Block2AGC\asm\asm.cpp(692): error C4996: 'sprintf': This function or variable may be unsafe. Consider using sprintf_s instead. To disable deprecation, use _CRT_SECURE_NO_WARNINGS. See online help for details.
  C:\Program Files (x86)\Windows Kits\10\Include\10.0.17763.0\ucrt\stdio.h(1774): note: see declaration of 'sprintf'
D:\Dev\Pultorak\Block2AGC\asm\asm.cpp(718): error C4996: 'sprintf': This function or variable may be unsafe. Consider using sprintf_s instead. To disable deprecation, use _CRT_SECURE_NO_WARNINGS. See online help for details.
  C:\Program Files (x86)\Windows Kits\10\Include\10.0.17763.0\ucrt\stdio.h(1774): note: see declaration of 'sprintf'
D:\Dev\Pultorak\Block2AGC\asm\asm.cpp(721): error C4996: 'sprintf': This function or variable may be unsafe. Consider using sprintf_s instead. To disable deprecation, use _CRT_SECURE_NO_WARNINGS. See online help for details.
  C:\Program Files (x86)\Windows Kits\10\Include\10.0.17763.0\ucrt\stdio.h(1774): note: see declaration of 'sprintf'
D:\Dev\Pultorak\Block2AGC\asm\asm.cpp(746): warning C4326: return type of 'main' should be 'int' instead of 'void'
D:\Dev\Pultorak\Block2AGC\asm\asm.cpp(774): error C4996: 'strcpy': This function or variable may be unsafe. Consider using strcpy_s instead. To disable deprecation, use _CRT_SECURE_NO_WARNINGS. See online help for details.
  C:\Program Files (x86)\Windows Kits\10\Include\10.0.17763.0\ucrt\string.h(133): note: see declaration of 'strcpy'
D:\Dev\Pultorak\Block2AGC\asm\asm.cpp(788): error C4996: 'sprintf': This function or variable may be unsafe. Consider using sprintf_s instead. To disable deprecation, use _CRT_SECURE_NO_WARNINGS. See online help for details.
  C:\Program Files (x86)\Windows Kits\10\Include\10.0.17763.0\ucrt\stdio.h(1774): note: see declaration of 'sprintf'
D:\Dev\Pultorak\Block2AGC\asm\asm.cpp(789): error C4996: 'fopen': This function or variable may be unsafe. Consider using fopen_s instead. To disable deprecation, use _CRT_SECURE_NO_WARNINGS. See online help for details.
  C:\Program Files (x86)\Windows Kits\10\Include\10.0.17763.0\ucrt\stdio.h(208): note: see declaration of 'fopen'
D:\Dev\Pultorak\Block2AGC\asm\asm.cpp(799): error C4996: 'sprintf': This function or variable may be unsafe. Consider using sprintf_s instead. To disable deprecation, use _CRT_SECURE_NO_WARNINGS. See online help for details.
  C:\Program Files (x86)\Windows Kits\10\Include\10.0.17763.0\ucrt\stdio.h(1774): note: see declaration of 'sprintf'
